<?xml version="1.0" encoding="UTF-8"?>
<!-- Generated by org.testng.reporters.JUnitXMLReporter -->
<testsuite ignored="0" hostname="DESKTOP-AL4EAPG" failures="1" tests="2" name="Test" time="9.79" errors="0" timestamp="2021-11-04T14:28:10 IST">
  <testcase classname="com.app.test.pack.FirstTest" name="test1" time="0.02">
    <failure type="java.lang.AssertionError" message="expected [ABC] but found [Google]">
      <![CDATA[java.lang.AssertionError: expected [ABC] but found [Google]
at com.app.test.pack.FirstTest.test1(FirstTest.java:15)
at java.base/java.util.ArrayList.forEach(ArrayList.java:1511)
... Removed 33 stack frames]]>
    </failure>
  </testcase> <!-- test1 -->
  <testcase classname="com.app.test.pack.FirstTest" name="test2" time="0.058"/>
</testsuite> <!-- Test -->
